
******************************************************************************************************************

                      _________                                                   _________
                      \_________\----------____                   ____----------/_________/
                          \________\-------\\\\\\               //////-------/________/
                              \________\------\\||             ||//------/________/
                                     \_____\----\\             //----/_____/
                         ██████╗ ██████╗ ██╗███████╗███████╗██╗███╗  ██╗      ███╗   ███╗
                        ██╔════╝ ██╔══██╗██║██╔════╝██╔════╝██║████╗ ██║      ████╗ ████║
                        ██║  ██╗ ██████╔╝██║█████╗  █████╗  ██║██╔██╗██║█████╗██╔████╔██║
                        ██║  ╚██╗██╔══██╗██║██╔══╝  ██╔══╝  ██║██║╚████║╚════╝██║╚██╔╝██║
                        ╚██████╔╝██║  ██║██║██║     ██║     ██║██║ ╚███║      ██║ ╚═╝ ██║
                         ╚═════╝ ╚═╝  ╚═╝╚═╝╚═╝     ╚═╝     ╚═╝╚═╝  ╚══╝      ╚═╝     ╚═╝


                                    Multiphysics Nuclear Reactor Analysis Code
                                            Idaho National Laboratory
                                           Argonne National Laboratory

******************************************************************************************************************


------------------------------------------------------------------------------------------------------------------
Notice: These data were produced by Battelle Energy Alliance, LLC under contract No.
DE-AC07-05ID14517 and UChicago Argonne under contract No. DE-AC02-06CH11357, LLC with
the Department of Energy. During the period of commercialization or such other time
period specified by the Department of Energy, the Government is granted for itself and
others acting on its behalf a nonexclusive, paid-up, irrevocable worldwide license in
this data to reproduce, prepare derivative works, and perform publicly and display
publicly, by or on behalf of the Government. Subsequent to that period the Government is
granted for itself and others acting on its behalf a nonexclusive, paid-up, irrevocable
worldwide license in this data to reproduce, prepare derivative works, distribute copies
to the public, perform publicly and display publicly, and to permit others to do so. The
specific term of the license can be identified by inquiry made to the Contractor or DOE.
NEITHER THE UNITED STATES NOR THE UNITED STATES DEPARTMENT OF ENERGY, NOR ANY OF THEIR
EMPLOYEES, MAKES ANY WARRANTY, EXPRESS OR IMPLIED, OR ASSUMES ANY LEGAL LIABILITY OR
RESPONSIBILITY FOR THE ACCURACY, COMPLETENESS, OR USEFULNESS OF ANY DATA, APPARATUS,
PRODUCT, OR PROCESS DISCLOSED, OR REPRESENTS THAT ITS USE WOULD NOT INFRINGE PRIVATELY
OWNED RIGHTS.
------------------------------------------------------------------------------------------------------------------


Griffin version:         git commit ddd8d4520 on 2025-03-13
Framework Information:
MOOSE Version:           git commit c614a59dc8 on 2025-03-13
LibMesh Version:         b30db56c835158b7f36397e4339c493a28592480
PETSc Version:           3.22.1
SLEPc Version:           3.22.1
Libtorch Version:        2.1.0
Current Time:            Mon Mar 17 12:48:40 2025
Executable Timestamp:    Thu Mar 13 22:02:03 2025

Parallelism:
  Num Processors:        2
  Num Threads:           1

Command line: griffin-opt -i /home/garcsamu/Serpent/SNAP-REACTORS-PRIVATE/snapReactors/reactor_models/Wet_Experiment_Models/meshes/heat_conduction_mesh.i --mesh-only

Currently Setting Up
  Setting Up Undisplaced Mesh
    Preparing Mesh
      Finished Updating Mesh                                                             [[33m  3.09 s[39m] [[33m 1605 MB[39m]
    Finished Preparing Mesh                                                              [[33m 16.04 s[39m] [[33m 1605 MB[39m]
  Finished Setting Up Undisplaced Mesh                                                   [[33m 16.04 s[39m] [[33m 1605 MB[39m]
 Mesh Information:
  elem_dimensions()={3}
  elem_default_orders()={FIRST}
  supported_nodal_order()=1
  spatial_dimension()=3
  n_nodes()=2104592
    n_local_nodes()=882560
  n_elem()=1908775
    n_local_elem()=1037905
    n_active_elem()=1908775
  n_subdomains()=6
  n_elemsets()=0
  n_partitions()=2
  n_processors()=2
  n_threads()=1
  processor_id()=0
  is_prepared()=true
  is_replicated()=true

 Mesh Bounding Box:
  Minimum: (x,y,z)=(-0.264293, -0.228885,        0)
  Maximum: (x,y,z)=(0.264293, 0.228885,   0.3556)
  Delta:   (x,y,z)=(0.528586, 0.457769,   0.3556)

 Mesh Element Type(s):
  HEX8, PRISM6

 Mesh Nodesets:
  Nodeset 1, 283584 nodes
   Bounding box minimum: (x,y,z)=(-0.115397, -0.107119,        0)
   Bounding box maximum: (x,y,z)=(0.115397, 0.107119,   0.3556)
   Bounding box delta: (x,y,z)=(0.230795, 0.214238,   0.3556)
  Nodeset 2, 330848 nodes
   Bounding box minimum: (x,y,z)=(-0.115438, -0.107159,        0)
   Bounding box maximum: (x,y,z)=(0.115438, 0.107159,   0.3556)
   Bounding box delta: (x,y,z)=(0.230876, 0.214319,   0.3556)
  Nodeset 3, 330848 nodes
   Bounding box minimum: (x,y,z)=(-0.115722, -0.107444,        0)
   Bounding box maximum: (x,y,z)=(0.115722, 0.107444,   0.3556)
   Bounding box delta: (x,y,z)=(0.231445, 0.214888,   0.3556)
  Nodeset 4, 7672 nodes
   Bounding box minimum: (x,y,z)=(-0.11255,  -0.1143,        0)
   Bounding box maximum: (x,y,z)=(0.117475,   0.1143,   0.3556)
   Bounding box delta: (x,y,z)=(0.230025,   0.2286,   0.3556)
  Nodeset 5, 17808 nodes
   Bounding box minimum: (x,y,z)=(-0.264293, -0.228885,        0)
   Bounding box maximum: (x,y,z)=(0.264293, 0.228885,   0.3556)
   Bounding box delta: (x,y,z)=(0.528586, 0.457769,   0.3556)
  Nodeset 6, 37582 nodes
   Bounding box minimum: (x,y,z)=(-0.264293, -0.228885,        0)
   Bounding box maximum: (x,y,z)=(0.264293, 0.228885,        0)
   Bounding box delta: (x,y,z)=(0.528586, 0.457769,        0)
  Nodeset 7, 37582 nodes
   Bounding box minimum: (x,y,z)=(-0.264293, -0.228885,   0.3556)
   Bounding box maximum: (x,y,z)=(0.264293, 0.228885,   0.3556)
   Bounding box delta: (x,y,z)=(0.528586, 0.457769,        0)

 Mesh Sidesets:
  Sideset 1, 278520 sides (QUAD4), 278520 elems (HEX8), 283584 nodes
   Side volume: 3.2024
   Bounding box minimum: (x,y,z)=(-0.115397, -0.107119,        0)
   Bounding box maximum: (x,y,z)=(0.115397, 0.107119,   0.3556)
   Bounding box delta: (x,y,z)=(0.230795, 0.214238,   0.3556)
  Sideset 2, 324940 sides (QUAD4), 324940 elems (HEX8), 330848 nodes
   Side volume: 3.22395
   Bounding box minimum: (x,y,z)=(-0.115438, -0.107159,        0)
   Bounding box maximum: (x,y,z)=(0.115438, 0.107159,   0.3556)
   Bounding box delta: (x,y,z)=(0.230876, 0.214319,   0.3556)
  Sideset 3, 324940 sides (QUAD4), 324940 elems (HEX8), 330848 nodes
   Side volume: 3.35778
   Bounding box minimum: (x,y,z)=(-0.115722, -0.107444,        0)
   Bounding box maximum: (x,y,z)=(0.115722, 0.107444,   0.3556)
   Bounding box delta: (x,y,z)=(0.231445, 0.214888,   0.3556)
  Sideset 4, 7150 sides (QUAD4), 7150 elems (PRISM6), 7672 nodes
   Side volume: 0.140034
   Bounding box minimum: (x,y,z)=(-0.11255,  -0.1143,        0)
   Bounding box maximum: (x,y,z)=(0.117475,   0.1143,   0.3556)
   Bounding box delta: (x,y,z)=(0.230025,   0.2286,   0.3556)
  Sideset 5, 17490 sides (QUAD4), 17490 elems (PRISM6), 17808 nodes
   Side volume: 0.563896
   Bounding box minimum: (x,y,z)=(-0.264293, -0.228885,        0)
   Bounding box maximum: (x,y,z)=(0.264293, 0.228885,   0.3556)
   Bounding box delta: (x,y,z)=(0.528586, 0.457769,   0.3556)
  Sideset 6, 34705 sides (TRI3, QUAD4), 34705 elems (HEX8, PRISM6), 37582 nodes
   Side volume: 0.171844
   Bounding box minimum: (x,y,z)=(-0.264293, -0.228885,        0)
   Bounding box maximum: (x,y,z)=(0.264293, 0.228885,        0)
   Bounding box delta: (x,y,z)=(0.528586, 0.457769,        0)
  Sideset 7, 34705 sides (TRI3, QUAD4), 34705 elems (HEX8, PRISM6), 37582 nodes
   Side volume: 0.171844
   Bounding box minimum: (x,y,z)=(-0.264293, -0.228885,   0.3556)
   Bounding box maximum: (x,y,z)=(0.264293, 0.228885,   0.3556)
   Bounding box delta: (x,y,z)=(0.528586, 0.457769,        0)

 Mesh Edgesets:
  None

 Mesh Subdomains:
  Subdomain 1: 626670 elems (HEX8, 626670 active), 791672 active nodes
   Volume: 0.0106378
   Bounding box minimum: (x,y,z)=(-0.115341, -0.107063,        0)
   Bounding box maximum: (x,y,z)=(0.115341, 0.107063,   0.3556)
   Bounding box delta: (x,y,z)=(0.230683, 0.214126,   0.3556)
  Subdomain 2: 278520 elems (HEX8, 278520 active), 567168 active nodes
   Volume: 0.000176692
   Bounding box minimum: (x,y,z)=(-0.115397, -0.107119,        0)
   Bounding box maximum: (x,y,z)=(0.115397, 0.107119,   0.3556)
   Bounding box delta: (x,y,z)=(0.230795, 0.214238,   0.3556)
  Subdomain 3: 324940 elems (HEX8, 324940 active), 661696 active nodes
   Volume: 0.000930299
   Bounding box minimum: (x,y,z)=(-0.115722, -0.107444,        0)
   Bounding box maximum: (x,y,z)=(0.115722, 0.107444,   0.3556)
   Bounding box delta: (x,y,z)=(0.231445, 0.214888,   0.3556)
  Subdomain 4: 11220 elems (PRISM6, 11220 active), 12096 active nodes
   Volume: 0.000244923
   Bounding box minimum: (x,y,z)=(-0.11255, -0.117475,        0)
   Bounding box maximum: (x,y,z)=( 0.11255, 0.117475,   0.3556)
   Bounding box delta: (x,y,z)=(0.225101,  0.23495,   0.3556)
  Subdomain 5: 27170 elems (PRISM6, 27170 active), 27664 active nodes
   Volume: 0.000341903
   Bounding box minimum: (x,y,z)=(-0.118761, -0.118768,        0)
   Bounding box maximum: (x,y,z)=( 0.11877, 0.118768,   0.3556)
   Bounding box delta: (x,y,z)=(0.237531, 0.237536,   0.3556)
  Subdomain 6: 640255 elems (PRISM6, 640255 active), 341824 active nodes
   Volume: 0.0487762
   Bounding box minimum: (x,y,z)=(-0.264293, -0.228885,        0)
   Bounding box maximum: (x,y,z)=(0.264293, 0.228885,   0.3556)
   Bounding box delta: (x,y,z)=(0.528586, 0.457769,   0.3556)
  Global mesh volume = 0.0611079

Finished Setting Up                                                                      [[33m 23.25 s[39m] [[33m 1984 MB[39m]
