
[31m
*** ERROR ***
A 'NonuniformMeshExtruderGenerator' is not a registered object.

If you are trying to find this object in a dynamically loaded library, make sure that
the library can be found either in your "Problem/library_path" parameter or in the
MOOSE_LIBRARY_PATH environment variable.[39m


[31m
*** ERROR ***
A 'NonuniformMeshExtruderGenerator' is not a registered object.

If you are trying to find this object in a dynamically loaded library, make sure that
the library can be found either in your "Problem/library_path" parameter or in the
MOOSE_LIBRARY_PATH environment variable.[39m

Stack frames: 20
0: libMesh::print_trace(std::ostream&)
1: moose::internal::mooseErrorRaw(std::__cxx11::basic_string<char, std::char_traits<char>, std::allocator<char> >, std::__cxx11::basic_string<char, std::char_traits<char>, std::allocator<char> >)
2: void mooseError<std::__cxx11::basic_string<char, std::char_traits<char>, std::allocator<char> > >(std::__cxx11::basic_string<char, std::char_traits<char>, std::allocator<char> >&&)
3: Factory::reportUnregisteredError(std::__cxx11::basic_string<char, std::char_traits<char>, std::allocator<char> > const&) const
4: Factory::getValidParams(std::__cxx11::basic_string<char, std::char_traits<char>, std::allocator<char> > const&) const
5: MooseObjectAction::MooseObjectAction(InputParameters const&)
6: AddMeshGeneratorAction::AddMeshGeneratorAction(InputParameters const&)
7: RegistryEntry<AddMeshGeneratorAction>::buildAction(InputParameters const&)
8: ActionFactory::create(std::__cxx11::basic_string<char, std::char_traits<char>, std::allocator<char> > const&, std::__cxx11::basic_string<char, std::char_traits<char>, std::allocator<char> > const&, InputParameters&)
9: Moose::Builder::walkRaw(std::__cxx11::basic_string<char, std::char_traits<char>, std::allocator<char> >, std::__cxx11::basic_string<char, std::char_traits<char>, std::allocator<char> >, hit::Node*)
10: Moose::Builder::walk(std::__cxx11::basic_string<char, std::char_traits<char>, std::allocator<char> > const&, std::__cxx11::basic_string<char, std::char_traits<char>, std::allocator<char> > const&, hit::Node*)
11: hit::Node::walk(hit::Walker*, hit::NodeType, hit::TraversalOrder)
12: hit::Node::walk(hit::Walker*, hit::NodeType, hit::TraversalOrder)
13: hit::Node::walk(hit::Walker*, hit::NodeType, hit::TraversalOrder)
14: Moose::Builder::build()
15: MooseApp::setupOptions()
16: MooseApp::run()
17: /home/garcsamu/moose_exec/snapbench/snapbench-opt(+0x50e8) [0x5555555590e8]
18: __libc_start_main
19: /home/garcsamu/moose_exec/snapbench/snapbench-opt(+0x538a) [0x55555555938a]
Abort(1) on node 0 (rank 0 in comm 0): application called MPI_Abort(MPI_COMM_WORLD, 1) - process 0
Stack frames: 20
0: libMesh::print_trace(std::ostream&)
1: moose::internal::mooseErrorRaw(std::__cxx11::basic_string<char, std::char_traits<char>, std::allocator<char> >, std::__cxx11::basic_string<char, std::char_traits<char>, std::allocator<char> >)
2: void mooseError<std::__cxx11::basic_string<char, std::char_traits<char>, std::allocator<char> > >(std::__cxx11::basic_string<char, std::char_traits<char>, std::allocator<char> >&&)
3: Factory::reportUnregisteredError(std::__cxx11::basic_string<char, std::char_traits<char>, std::allocator<char> > const&) const
4: Factory::getValidParams(std::__cxx11::basic_string<char, std::char_traits<char>, std::allocator<char> > const&) const
5: MooseObjectAction::MooseObjectAction(InputParameters const&)
6: AddMeshGeneratorAction::AddMeshGeneratorAction(InputParameters const&)
7: RegistryEntry<AddMeshGeneratorAction>::buildAction(InputParameters const&)
8: ActionFactory::create(std::__cxx11::basic_string<char, std::char_traits<char>, std::allocator<char> > const&, std::__cxx11::basic_string<char, std::char_traits<char>, std::allocator<char> > const&, InputParameters&)
9: Moose::Builder::walkRaw(std::__cxx11::basic_string<char, std::char_traits<char>, std::allocator<char> >, std::__cxx11::basic_string<char, std::char_traits<char>, std::allocator<char> >, hit::Node*)
10: Moose::Builder::walk(std::__cxx11::basic_string<char, std::char_traits<char>, std::allocator<char> > const&, std::__cxx11::basic_string<char, std::char_traits<char>, std::allocator<char> > const&, hit::Node*)
11: hit::Node::walk(hit::Walker*, hit::NodeType, hit::TraversalOrder)
12: hit::Node::walk(hit::Walker*, hit::NodeType, hit::TraversalOrder)
13: hit::Node::walk(hit::Walker*, hit::NodeType, hit::TraversalOrder)
14: Moose::Builder::build()
15: MooseApp::setupOptions()
16: MooseApp::run()
17: /home/garcsamu/moose_exec/snapbench/snapbench-opt(+0x50e8) [0x5555555590e8]
18: __libc_start_main
19: /home/garcsamu/moose_exec/snapbench/snapbench-opt(+0x538a) [0x55555555938a]
Abort(1) on node 0 (rank 0 in comm 0): application called MPI_Abort(MPI_COMM_WORLD, 1) - process 0
--------------------------------------------------------------------------
prterun detected that one or more processes exited with non-zero status,
thus causing the job to be terminated. The first process to do so was:

   Process name: [prterun-wr13n37-362869@1,0] Exit code:    1
--------------------------------------------------------------------------
